<?xml version="1.0" encoding="UTF-8"?>
<!-- Generated by org.testng.reporters.JUnitReportReporter -->
<testsuite hostname="LAPTOP-84OTAVJL" failures="0" tests="1" name="org.testing.ddframework.DataDrivenFramework" time="0.000" errors="0" timestamp="2024-02-11T17:30:49 IST" skipped="1">
  <testcase classname="org.testing.ddframework.DataDrivenFramework" name="DDf" time="0.000">
    <skipped/>
  </testcase> <!-- DDf -->
  <system-out/>
</testsuite> <!-- org.testing.ddframework.DataDrivenFramework -->
