<?xml version="1.0" encoding="UTF-8"?>
<!-- Generated by org.testng.reporters.JUnitReportReporter -->
<testsuite hostname="LAPTOP-84OTAVJL" failures="0" tests="1" name="org.testing.Testscripts.TC4" time="53.585" errors="0" timestamp="2024-02-11T18:35:37 IST" skipped="0">
  <testcase classname="org.testing.Testscripts.TC4" name="LoginVideoplay_like" time="53.585"/>
  <system-out/>
</testsuite> <!-- org.testing.Testscripts.TC4 -->
