<?xml version="1.0" encoding="UTF-8"?>
<!-- Generated by org.testng.reporters.JUnitReportReporter -->
<testsuite hostname="LAPTOP-84OTAVJL" failures="0" tests="1" name="org.testing.Testscripts.TC1" time="101.594" errors="0" timestamp="2024-02-17T14:00:26 IST" skipped="0">
  <testcase classname="org.testing.Testscripts.TC1" name="LoginTrendingclick" time="101.594"/>
  <system-out/>
</testsuite> <!-- org.testing.Testscripts.TC1 -->
