<?xml version="1.0" encoding="UTF-8"?>
<!-- Generated by org.testng.reporters.JUnitReportReporter -->
<testsuite hostname="LAPTOP-84OTAVJL" failures="0" tests="1" name="org.testing.Testscripts.TC7" time="64.681" errors="0" timestamp="2024-02-08T22:36:53 IST" skipped="0">
  <testcase classname="org.testing.Testscripts.TC7" name="LoginVideoplay_ClickOnwatchLater" time="64.681"/>
  <system-out/>
</testsuite> <!-- org.testing.Testscripts.TC7 -->
